<?xml version="1.0" encoding="UTF-8"?>
<testsuite xmlns:xsi="http://www.w3.org/2001/XMLSchema-instance" xsi:noNamespaceSchemaLocation="https://maven.apache.org/surefire/maven-surefire-plugin/xsd/surefire-test-report-3.0.xsd" version="3.0" name="ddbcar.AppTest" time="1.201" tests="1" errors="0" skipped="0" failures="0">
  <properties>
    <property name="sun.desktop" value="windows"/>
    <property name="awt.toolkit" value="sun.awt.windows.WToolkit"/>
    <property name="file.encoding.pkg" value="sun.io"/>
    <property name="java.specification.version" value="1.8"/>
    <property name="sun.cpu.isalist" value="amd64"/>
    <property name="sun.jnu.encoding" value="Cp1252"/>
    <property name="java.class.path" value="C:\Users\ravic\IdeaProjects\DDB-CAR\LambdaFunction\target\test-classes;C:\Users\ravic\IdeaProjects\DDB-CAR\LambdaFunction\target\classes;C:\Users\ravic\.m2\repository\com\amazonaws\aws-lambda-java-core\1.2.3\aws-lambda-java-core-1.2.3.jar;C:\Users\ravic\.m2\repository\com\amazonaws\aws-lambda-java-events\3.11.4\aws-lambda-java-events-3.11.4.jar;C:\Users\ravic\.m2\repository\joda-time\joda-time\2.10.8\joda-time-2.10.8.jar;C:\Users\ravic\.m2\repository\junit\junit\4.13.2\junit-4.13.2.jar;C:\Users\ravic\.m2\repository\org\hamcrest\hamcrest-core\1.3\hamcrest-core-1.3.jar;C:\Users\ravic\.m2\repository\com\amazonaws\aws-lambda-java-log4j2\1.6.0\aws-lambda-java-log4j2-1.6.0.jar;C:\Users\ravic\.m2\repository\org\apache\logging\log4j\log4j-core\2.20.0\log4j-core-2.20.0.jar;C:\Users\ravic\.m2\repository\org\apache\logging\log4j\log4j-api\2.20.0\log4j-api-2.20.0.jar;C:\Users\ravic\.m2\repository\org\apache\logging\log4j\log4j-layout-template-json\2.20.0\log4j-layout-template-json-2.20.0.jar;C:\Users\ravic\.m2\repository\com\fasterxml\jackson\core\jackson-databind\2.16.1\jackson-databind-2.16.1.jar;C:\Users\ravic\.m2\repository\com\fasterxml\jackson\core\jackson-annotations\2.16.1\jackson-annotations-2.16.1.jar;C:\Users\ravic\.m2\repository\com\fasterxml\jackson\core\jackson-core\2.16.1\jackson-core-2.16.1.jar;C:\Users\ravic\.m2\repository\software\amazon\awssdk\dynamodb\2.24.0\dynamodb-2.24.0.jar;C:\Users\ravic\.m2\repository\software\amazon\awssdk\aws-json-protocol\2.24.0\aws-json-protocol-2.24.0.jar;C:\Users\ravic\.m2\repository\software\amazon\awssdk\third-party-jackson-core\2.24.0\third-party-jackson-core-2.24.0.jar;C:\Users\ravic\.m2\repository\software\amazon\awssdk\protocol-core\2.24.0\protocol-core-2.24.0.jar;C:\Users\ravic\.m2\repository\software\amazon\awssdk\profiles\2.24.0\profiles-2.24.0.jar;C:\Users\ravic\.m2\repository\software\amazon\awssdk\http-auth-aws\2.24.0\http-auth-aws-2.24.0.jar;C:\Users\ravic\.m2\repository\software\amazon\awssdk\checksums-spi\2.24.0\checksums-spi-2.24.0.jar;C:\Users\ravic\.m2\repository\software\amazon\awssdk\checksums\2.24.0\checksums-2.24.0.jar;C:\Users\ravic\.m2\repository\software\amazon\awssdk\sdk-core\2.24.0\sdk-core-2.24.0.jar;C:\Users\ravic\.m2\repository\org\slf4j\slf4j-api\1.7.30\slf4j-api-1.7.30.jar;C:\Users\ravic\.m2\repository\org\reactivestreams\reactive-streams\1.0.4\reactive-streams-1.0.4.jar;C:\Users\ravic\.m2\repository\software\amazon\awssdk\auth\2.24.0\auth-2.24.0.jar;C:\Users\ravic\.m2\repository\software\amazon\eventstream\eventstream\1.0.1\eventstream-1.0.1.jar;C:\Users\ravic\.m2\repository\software\amazon\awssdk\http-auth-spi\2.24.0\http-auth-spi-2.24.0.jar;C:\Users\ravic\.m2\repository\software\amazon\awssdk\http-auth\2.24.0\http-auth-2.24.0.jar;C:\Users\ravic\.m2\repository\software\amazon\awssdk\identity-spi\2.24.0\identity-spi-2.24.0.jar;C:\Users\ravic\.m2\repository\software\amazon\awssdk\http-client-spi\2.24.0\http-client-spi-2.24.0.jar;C:\Users\ravic\.m2\repository\software\amazon\awssdk\regions\2.24.0\regions-2.24.0.jar;C:\Users\ravic\.m2\repository\software\amazon\awssdk\annotations\2.24.0\annotations-2.24.0.jar;C:\Users\ravic\.m2\repository\software\amazon\awssdk\utils\2.24.0\utils-2.24.0.jar;C:\Users\ravic\.m2\repository\software\amazon\awssdk\aws-core\2.24.0\aws-core-2.24.0.jar;C:\Users\ravic\.m2\repository\software\amazon\awssdk\metrics-spi\2.24.0\metrics-spi-2.24.0.jar;C:\Users\ravic\.m2\repository\software\amazon\awssdk\json-utils\2.24.0\json-utils-2.24.0.jar;C:\Users\ravic\.m2\repository\software\amazon\awssdk\endpoints-spi\2.24.0\endpoints-spi-2.24.0.jar;C:\Users\ravic\.m2\repository\software\amazon\awssdk\apache-client\2.24.0\apache-client-2.24.0.jar;C:\Users\ravic\.m2\repository\org\apache\httpcomponents\httpclient\4.5.13\httpclient-4.5.13.jar;C:\Users\ravic\.m2\repository\commons-logging\commons-logging\1.2\commons-logging-1.2.jar;C:\Users\ravic\.m2\repository\org\apache\httpcomponents\httpcore\4.4.13\httpcore-4.4.13.jar;C:\Users\ravic\.m2\repository\commons-codec\commons-codec\1.15\commons-codec-1.15.jar;C:\Users\ravic\.m2\repository\software\amazon\awssdk\netty-nio-client\2.24.0\netty-nio-client-2.24.0.jar;C:\Users\ravic\.m2\repository\io\netty\netty-codec-http\4.1.100.Final\netty-codec-http-4.1.100.Final.jar;C:\Users\ravic\.m2\repository\io\netty\netty-codec-http2\4.1.100.Final\netty-codec-http2-4.1.100.Final.jar;C:\Users\ravic\.m2\repository\io\netty\netty-codec\4.1.100.Final\netty-codec-4.1.100.Final.jar;C:\Users\ravic\.m2\repository\io\netty\netty-transport\4.1.100.Final\netty-transport-4.1.100.Final.jar;C:\Users\ravic\.m2\repository\io\netty\netty-common\4.1.100.Final\netty-common-4.1.100.Final.jar;C:\Users\ravic\.m2\repository\io\netty\netty-buffer\4.1.100.Final\netty-buffer-4.1.100.Final.jar;C:\Users\ravic\.m2\repository\io\netty\netty-handler\4.1.100.Final\netty-handler-4.1.100.Final.jar;C:\Users\ravic\.m2\repository\io\netty\netty-transport-native-unix-common\4.1.100.Final\netty-transport-native-unix-common-4.1.100.Final.jar;C:\Users\ravic\.m2\repository\io\netty\netty-transport-classes-epoll\4.1.100.Final\netty-transport-classes-epoll-4.1.100.Final.jar;C:\Users\ravic\.m2\repository\io\netty\netty-resolver\4.1.100.Final\netty-resolver-4.1.100.Final.jar;C:\Users\ravic\.m2\repository\software\amazon\awssdk\dynamodb-enhanced\2.24.0\dynamodb-enhanced-2.24.0.jar;C:\Users\ravic\.m2\repository\org\projectlombok\lombok\1.18.30\lombok-1.18.30.jar;C:\Users\ravic\.m2\repository\software\amazon\awssdk\sts\2.24.0\sts-2.24.0.jar;C:\Users\ravic\.m2\repository\software\amazon\awssdk\aws-query-protocol\2.24.0\aws-query-protocol-2.24.0.jar;"/>
    <property name="java.vm.vendor" value="Amazon.com Inc."/>
    <property name="sun.arch.data.model" value="64"/>
    <property name="user.variant" value=""/>
    <property name="java.vendor.url" value="https://aws.amazon.com/corretto/"/>
    <property name="user.timezone" value="Asia/Calcutta"/>
    <property name="java.vm.specification.version" value="1.8"/>
    <property name="os.name" value="Windows 11"/>
    <property name="user.country" value="US"/>
    <property name="sun.java.launcher" value="SUN_STANDARD"/>
    <property name="sun.boot.library.path" value="C:\Users\ravic\.jdks\corretto-1.8.0_402\jre\bin"/>
    <property name="sun.java.command" value="C:\Users\ravic\AppData\Local\Temp\surefire164501871829426897\surefirebooter-20240211204432086_3.jar C:\Users\ravic\AppData\Local\Temp\surefire164501871829426897 2024-02-11T20-44-31_697-jvmRun1 surefire-20240211204432086_1tmp surefire_0-20240211204432086_2tmp"/>
    <property name="surefire.test.class.path" value="C:\Users\ravic\IdeaProjects\DDB-CAR\LambdaFunction\target\test-classes;C:\Users\ravic\IdeaProjects\DDB-CAR\LambdaFunction\target\classes;C:\Users\ravic\.m2\repository\com\amazonaws\aws-lambda-java-core\1.2.3\aws-lambda-java-core-1.2.3.jar;C:\Users\ravic\.m2\repository\com\amazonaws\aws-lambda-java-events\3.11.4\aws-lambda-java-events-3.11.4.jar;C:\Users\ravic\.m2\repository\joda-time\joda-time\2.10.8\joda-time-2.10.8.jar;C:\Users\ravic\.m2\repository\junit\junit\4.13.2\junit-4.13.2.jar;C:\Users\ravic\.m2\repository\org\hamcrest\hamcrest-core\1.3\hamcrest-core-1.3.jar;C:\Users\ravic\.m2\repository\com\amazonaws\aws-lambda-java-log4j2\1.6.0\aws-lambda-java-log4j2-1.6.0.jar;C:\Users\ravic\.m2\repository\org\apache\logging\log4j\log4j-core\2.20.0\log4j-core-2.20.0.jar;C:\Users\ravic\.m2\repository\org\apache\logging\log4j\log4j-api\2.20.0\log4j-api-2.20.0.jar;C:\Users\ravic\.m2\repository\org\apache\logging\log4j\log4j-layout-template-json\2.20.0\log4j-layout-template-json-2.20.0.jar;C:\Users\ravic\.m2\repository\com\fasterxml\jackson\core\jackson-databind\2.16.1\jackson-databind-2.16.1.jar;C:\Users\ravic\.m2\repository\com\fasterxml\jackson\core\jackson-annotations\2.16.1\jackson-annotations-2.16.1.jar;C:\Users\ravic\.m2\repository\com\fasterxml\jackson\core\jackson-core\2.16.1\jackson-core-2.16.1.jar;C:\Users\ravic\.m2\repository\software\amazon\awssdk\dynamodb\2.24.0\dynamodb-2.24.0.jar;C:\Users\ravic\.m2\repository\software\amazon\awssdk\aws-json-protocol\2.24.0\aws-json-protocol-2.24.0.jar;C:\Users\ravic\.m2\repository\software\amazon\awssdk\third-party-jackson-core\2.24.0\third-party-jackson-core-2.24.0.jar;C:\Users\ravic\.m2\repository\software\amazon\awssdk\protocol-core\2.24.0\protocol-core-2.24.0.jar;C:\Users\ravic\.m2\repository\software\amazon\awssdk\profiles\2.24.0\profiles-2.24.0.jar;C:\Users\ravic\.m2\repository\software\amazon\awssdk\http-auth-aws\2.24.0\http-auth-aws-2.24.0.jar;C:\Users\ravic\.m2\repository\software\amazon\awssdk\checksums-spi\2.24.0\checksums-spi-2.24.0.jar;C:\Users\ravic\.m2\repository\software\amazon\awssdk\checksums\2.24.0\checksums-2.24.0.jar;C:\Users\ravic\.m2\repository\software\amazon\awssdk\sdk-core\2.24.0\sdk-core-2.24.0.jar;C:\Users\ravic\.m2\repository\org\slf4j\slf4j-api\1.7.30\slf4j-api-1.7.30.jar;C:\Users\ravic\.m2\repository\org\reactivestreams\reactive-streams\1.0.4\reactive-streams-1.0.4.jar;C:\Users\ravic\.m2\repository\software\amazon\awssdk\auth\2.24.0\auth-2.24.0.jar;C:\Users\ravic\.m2\repository\software\amazon\eventstream\eventstream\1.0.1\eventstream-1.0.1.jar;C:\Users\ravic\.m2\repository\software\amazon\awssdk\http-auth-spi\2.24.0\http-auth-spi-2.24.0.jar;C:\Users\ravic\.m2\repository\software\amazon\awssdk\http-auth\2.24.0\http-auth-2.24.0.jar;C:\Users\ravic\.m2\repository\software\amazon\awssdk\identity-spi\2.24.0\identity-spi-2.24.0.jar;C:\Users\ravic\.m2\repository\software\amazon\awssdk\http-client-spi\2.24.0\http-client-spi-2.24.0.jar;C:\Users\ravic\.m2\repository\software\amazon\awssdk\regions\2.24.0\regions-2.24.0.jar;C:\Users\ravic\.m2\repository\software\amazon\awssdk\annotations\2.24.0\annotations-2.24.0.jar;C:\Users\ravic\.m2\repository\software\amazon\awssdk\utils\2.24.0\utils-2.24.0.jar;C:\Users\ravic\.m2\repository\software\amazon\awssdk\aws-core\2.24.0\aws-core-2.24.0.jar;C:\Users\ravic\.m2\repository\software\amazon\awssdk\metrics-spi\2.24.0\metrics-spi-2.24.0.jar;C:\Users\ravic\.m2\repository\software\amazon\awssdk\json-utils\2.24.0\json-utils-2.24.0.jar;C:\Users\ravic\.m2\repository\software\amazon\awssdk\endpoints-spi\2.24.0\endpoints-spi-2.24.0.jar;C:\Users\ravic\.m2\repository\software\amazon\awssdk\apache-client\2.24.0\apache-client-2.24.0.jar;C:\Users\ravic\.m2\repository\org\apache\httpcomponents\httpclient\4.5.13\httpclient-4.5.13.jar;C:\Users\ravic\.m2\repository\commons-logging\commons-logging\1.2\commons-logging-1.2.jar;C:\Users\ravic\.m2\repository\org\apache\httpcomponents\httpcore\4.4.13\httpcore-4.4.13.jar;C:\Users\ravic\.m2\repository\commons-codec\commons-codec\1.15\commons-codec-1.15.jar;C:\Users\ravic\.m2\repository\software\amazon\awssdk\netty-nio-client\2.24.0\netty-nio-client-2.24.0.jar;C:\Users\ravic\.m2\repository\io\netty\netty-codec-http\4.1.100.Final\netty-codec-http-4.1.100.Final.jar;C:\Users\ravic\.m2\repository\io\netty\netty-codec-http2\4.1.100.Final\netty-codec-http2-4.1.100.Final.jar;C:\Users\ravic\.m2\repository\io\netty\netty-codec\4.1.100.Final\netty-codec-4.1.100.Final.jar;C:\Users\ravic\.m2\repository\io\netty\netty-transport\4.1.100.Final\netty-transport-4.1.100.Final.jar;C:\Users\ravic\.m2\repository\io\netty\netty-common\4.1.100.Final\netty-common-4.1.100.Final.jar;C:\Users\ravic\.m2\repository\io\netty\netty-buffer\4.1.100.Final\netty-buffer-4.1.100.Final.jar;C:\Users\ravic\.m2\repository\io\netty\netty-handler\4.1.100.Final\netty-handler-4.1.100.Final.jar;C:\Users\ravic\.m2\repository\io\netty\netty-transport-native-unix-common\4.1.100.Final\netty-transport-native-unix-common-4.1.100.Final.jar;C:\Users\ravic\.m2\repository\io\netty\netty-transport-classes-epoll\4.1.100.Final\netty-transport-classes-epoll-4.1.100.Final.jar;C:\Users\ravic\.m2\repository\io\netty\netty-resolver\4.1.100.Final\netty-resolver-4.1.100.Final.jar;C:\Users\ravic\.m2\repository\software\amazon\awssdk\dynamodb-enhanced\2.24.0\dynamodb-enhanced-2.24.0.jar;C:\Users\ravic\.m2\repository\org\projectlombok\lombok\1.18.30\lombok-1.18.30.jar;C:\Users\ravic\.m2\repository\software\amazon\awssdk\sts\2.24.0\sts-2.24.0.jar;C:\Users\ravic\.m2\repository\software\amazon\awssdk\aws-query-protocol\2.24.0\aws-query-protocol-2.24.0.jar;"/>
    <property name="sun.cpu.endian" value="little"/>
    <property name="user.home" value="C:\Users\ravic"/>
    <property name="user.language" value="en"/>
    <property name="java.specification.vendor" value="Oracle Corporation"/>
    <property name="java.home" value="C:\Users\ravic\.jdks\corretto-1.8.0_402\jre"/>
    <property name="basedir" value="C:\Users\ravic\IdeaProjects\DDB-CAR\LambdaFunction"/>
    <property name="file.separator" value="\"/>
    <property name="line.separator" value="&#10;"/>
    <property name="java.vm.specification.vendor" value="Oracle Corporation"/>
    <property name="java.specification.name" value="Java Platform API Specification"/>
    <property name="java.awt.graphicsenv" value="sun.awt.Win32GraphicsEnvironment"/>
    <property name="surefire.real.class.path" value="C:\Users\ravic\AppData\Local\Temp\surefire164501871829426897\surefirebooter-20240211204432086_3.jar"/>
    <property name="sun.boot.class.path" value="C:\Users\ravic\.jdks\corretto-1.8.0_402\jre\lib\resources.jar;C:\Users\ravic\.jdks\corretto-1.8.0_402\jre\lib\rt.jar;C:\Users\ravic\.jdks\corretto-1.8.0_402\jre\lib\sunrsasign.jar;C:\Users\ravic\.jdks\corretto-1.8.0_402\jre\lib\jsse.jar;C:\Users\ravic\.jdks\corretto-1.8.0_402\jre\lib\jce.jar;C:\Users\ravic\.jdks\corretto-1.8.0_402\jre\lib\charsets.jar;C:\Users\ravic\.jdks\corretto-1.8.0_402\jre\lib\jfr.jar;C:\Users\ravic\.jdks\corretto-1.8.0_402\jre\classes"/>
    <property name="user.script" value=""/>
    <property name="sun.management.compiler" value="HotSpot 64-Bit Tiered Compilers"/>
    <property name="java.runtime.version" value="1.8.0_402-b08"/>
    <property name="user.name" value="ravic"/>
    <property name="path.separator" value=";"/>
    <property name="os.version" value="10.0"/>
    <property name="java.endorsed.dirs" value="C:\Users\ravic\.jdks\corretto-1.8.0_402\jre\lib\endorsed"/>
    <property name="java.runtime.name" value="OpenJDK Runtime Environment"/>
    <property name="file.encoding" value="Cp1252"/>
    <property name="java.vm.name" value="OpenJDK 64-Bit Server VM"/>
    <property name="localRepository" value="C:\Users\ravic\.m2\repository"/>
    <property name="java.vendor.url.bug" value="https://github.com/corretto/corretto-8/issues/"/>
    <property name="java.io.tmpdir" value="C:\Users\ravic\AppData\Local\Temp\"/>
    <property name="idea.version" value="2023.3.3"/>
    <property name="java.version" value="1.8.0_402"/>
    <property name="user.dir" value="C:\Users\ravic\IdeaProjects\DDB-CAR\LambdaFunction"/>
    <property name="os.arch" value="amd64"/>
    <property name="java.vm.specification.name" value="Java Virtual Machine Specification"/>
    <property name="java.awt.printerjob" value="sun.awt.windows.WPrinterJob"/>
    <property name="sun.os.patch.level" value=""/>
    <property name="java.library.path" value="C:\Users\ravic\.jdks\corretto-1.8.0_402\jre\bin;C:\windows\Sun\Java\bin;C:\windows\system32;C:\windows;C:\Program Files\Amazon Corretto\jdk17.0.9_8\bin;C:\Program Files\Amazon Corretto\jdk11.0.21_9\bin;C:\Program Files\Python311\Scripts\;C:\Program Files\Python311\;C:\Program Files\Common Files\Oracle\Java\javapath;C:\windows\system32;C:\windows;C:\windows\System32\Wbem;C:\windows\System32\WindowsPowerShell\v1.0\;C:\windows\System32\OpenSSH\;C:\Program Files\Git\cmd;C:\Program Files\apache-maven-3.9.0\bin;C:\Program Files\Amazon\AWSCLIV2\;C:\Program Files\Amazon Corretto\jdk17.0.9_8\bin;C:\Program Files\nodejs\;C:\ProgramData\chocolatey\bin;C:\Program Files\RedHat\Podman\;C:\Program Files\HashiCorp\terraform_1.5.0_windows_amd64;C:\Program Files\apache-ant-1.10.13\bin;C:\Program Files\dotnet\;C:\Users\ravic\AppData\Roaming\itch\broth\butler\versions\15.21.0;C:\Program Files\OpenSSL-Win64\bin;C:\Program Files (x86)\Windows Kits\10\Windows Performance Toolkit\;C:\Program Files\PuTTY\;C:\Program Files\Amazon\AWSSAMCLI\bin\;C:\Program Files\Docker\Docker\resources\bin;C:\Users\ravic\AppData\Local\Microsoft\WindowsApps;C:\Users\ravic\AppData\Roaming\npm;C:\Users\ravic\AppData\Local\Programs\Microsoft VS Code\bin;C:\Program Files\HashiCorp\terraform_1.4.6_windows_amd64;C:\Users\ravic\AppData\Local\GitHubDesktop\bin;C:\Users\ravic\AppData\Roaming\Amazon;C:\Users\ravic\AppData\Local\JetBrains\Toolbox\scripts;C:\Program Files\liquibase;."/>
    <property name="java.vm.info" value="mixed mode"/>
    <property name="java.vendor" value="Amazon.com Inc."/>
    <property name="java.vm.version" value="25.402-b08"/>
    <property name="java.specification.maintenance.version" value="5"/>
    <property name="java.ext.dirs" value="C:\Users\ravic\.jdks\corretto-1.8.0_402\jre\lib\ext;C:\windows\Sun\Java\lib\ext"/>
    <property name="sun.io.unicode.encoding" value="UnicodeLittle"/>
    <property name="java.class.version" value="52.0"/>
  </properties>
  <testcase name="sanityCheck" classname="ddbcar.AppTest" time="1.102">
    <system-err><![CDATA[SLF4J: Failed to load class "org.slf4j.impl.StaticLoggerBinder".
SLF4J: Defaulting to no-operation (NOP) logger implementation
SLF4J: See http://www.slf4j.org/codes.html#StaticLoggerBinder for further details.
]]></system-err>
  </testcase>
</testsuite>